<?xml version="1.0" encoding="UTF-8"?>
<testng-results ignored="0" total="1" passed="1" failed="0" skipped="0">
  <reporter-output>
  </reporter-output>
  <suite started-at="2024-07-18T06:57:35 IST" name="Default suite" finished-at="2024-07-18T06:57:52 IST" duration-ms="16740">
    <groups>
    </groups>
    <test started-at="2024-07-18T06:57:35 IST" name="Default test" finished-at="2024-07-18T06:57:52 IST" duration-ms="16740">
      <class name="COM.SeleniumLearning.SeleniumExercises.Assignment002">
        <test-method signature="testHerokuapp()[pri:0, instance:COM.SeleniumLearning.SeleniumExercises.Assignment002@1869fbd2]" started-at="2024-07-18T06:57:35 IST" name="testHerokuapp" finished-at="2024-07-18T06:57:51 IST" duration-ms="16396" status="PASS">
          <reporter-output>
          </reporter-output>
        </test-method> <!-- testHerokuapp -->
      </class> <!-- COM.SeleniumLearning.SeleniumExercises.Assignment002 -->
    </test> <!-- Default test -->
  </suite> <!-- Default suite -->
</testng-results>
