<?xml version="1.0" encoding="UTF-8"?>
<testng-results ignored="0" total="2" passed="2" failed="0" skipped="0">
  <reporter-output>
  </reporter-output>
  <suite started-at="2024-07-10T23:24:45 IST" name="Default suite" finished-at="2024-07-10T23:24:48 IST" duration-ms="2873">
    <groups>
    </groups>
    <test started-at="2024-07-10T23:24:45 IST" name="Default test" finished-at="2024-07-10T23:24:48 IST" duration-ms="2873">
      <class name="ex_CRUD.POST.Lab272">
        <test-method signature="NonBDDStylePOSTNegative()[pri:0, instance:ex_CRUD.POST.Lab272@143d9a93]" started-at="2024-07-10T23:24:45 IST" name="NonBDDStylePOSTNegative" finished-at="2024-07-10T23:24:48 IST" duration-ms="2345" status="PASS">
          <reporter-output>
          </reporter-output>
        </test-method> <!-- NonBDDStylePOSTNegative -->
        <test-method signature="NonBDDStylePOSTPOsitive()[pri:0, instance:ex_CRUD.POST.Lab272@143d9a93]" started-at="2024-07-10T23:24:48 IST" name="NonBDDStylePOSTPOsitive" finished-at="2024-07-10T23:24:48 IST" duration-ms="406" status="PASS">
          <reporter-output>
          </reporter-output>
        </test-method> <!-- NonBDDStylePOSTPOsitive -->
      </class> <!-- ex_CRUD.POST.Lab272 -->
    </test> <!-- Default test -->
  </suite> <!-- Default suite -->
</testng-results>
